build/app/intermediates/manifest_merge_blame_file/release/manifest-merger-blame-release-report.txt
1<?xml version="1.0" encoding="utf-8"?>
2<manifest xmlns:android="http://schemas.android.com/apk/res/android"
3    package="com.example.tracker"
4    android:versionCode="1"
5    android:versionName="1.0.0" >
6
7    <uses-sdk
8        android:minSdkVersion="21"
8-->src\main\AndroidManifest.xml
9        android:targetSdkVersion="30" />
9-->src\main\AndroidManifest.xml
10
11    <uses-permission android:name="android.permission.PACKAGE_USAGE_STATS" />
11-->src\main\AndroidManifest.xml:4:5-6:47
11-->src\main\AndroidManifest.xml:5:9-62
12    <uses-permission android:name="android.permission.INTERNET" />
12-->[com.razorpay:checkout:1.6.19] AndroidManifest.xml:9:5-67
12-->[com.razorpay:checkout:1.6.19] AndroidManifest.xml:9:22-64
13
14    <queries>
14-->[com.razorpay:checkout:1.6.19] AndroidManifest.xml:11:5-37:15
15        <intent>
15-->[com.razorpay:checkout:1.6.19] AndroidManifest.xml:12:9-18:18
16            <action android:name="android.intent.action.VIEW" />
16-->[com.razorpay:checkout:1.6.19] AndroidManifest.xml:13:13-65
16-->[com.razorpay:checkout:1.6.19] AndroidManifest.xml:13:21-62
17
18            <data
18-->[com.razorpay:checkout:1.6.19] AndroidManifest.xml:15:13-17:38
19                android:mimeType="*/*"
19-->[com.razorpay:checkout:1.6.19] AndroidManifest.xml:16:17-39
20                android:scheme="*" />
20-->[com.razorpay:checkout:1.6.19] AndroidManifest.xml:17:17-35
21        </intent>
22        <intent>
22-->[com.razorpay:checkout:1.6.19] AndroidManifest.xml:19:9-28:18
23            <action android:name="android.intent.action.VIEW" />
23-->[com.razorpay:checkout:1.6.19] AndroidManifest.xml:13:13-65
23-->[com.razorpay:checkout:1.6.19] AndroidManifest.xml:13:21-62
24
25            <category android:name="android.intent.category.BROWSABLE" />
25-->[com.razorpay:checkout:1.6.19] AndroidManifest.xml:22:13-74
25-->[com.razorpay:checkout:1.6.19] AndroidManifest.xml:22:23-71
26
27            <data
27-->[com.razorpay:checkout:1.6.19] AndroidManifest.xml:15:13-17:38
28                android:host="pay"
29                android:mimeType="*/*"
29-->[com.razorpay:checkout:1.6.19] AndroidManifest.xml:16:17-39
30                android:scheme="upi" />
30-->[com.razorpay:checkout:1.6.19] AndroidManifest.xml:17:17-35
31        </intent>
32        <intent>
32-->[com.razorpay:checkout:1.6.19] AndroidManifest.xml:29:9-31:18
33            <action android:name="android.intent.action.MAIN" />
33-->src\main\AndroidManifest.xml:35:17-68
33-->src\main\AndroidManifest.xml:35:25-66
34        </intent>
35        <intent>
35-->[com.razorpay:checkout:1.6.19] AndroidManifest.xml:32:9-36:18
36            <action android:name="android.intent.action.SEND" />
36-->[com.razorpay:checkout:1.6.19] AndroidManifest.xml:33:13-65
36-->[com.razorpay:checkout:1.6.19] AndroidManifest.xml:33:21-62
37
38            <data android:mimeType="*/*" />
38-->[com.razorpay:checkout:1.6.19] AndroidManifest.xml:15:13-17:38
38-->[com.razorpay:checkout:1.6.19] AndroidManifest.xml:16:17-39
39        </intent>
40    </queries> <!-- Include required permissions for Google Maps API to run. -->
41    <uses-permission android:name="android.permission.ACCESS_NETWORK_STATE" />
41-->[com.google.android.gms:play-services-maps:17.0.0] AndroidManifest.xml:23:5-79
41-->[com.google.android.gms:play-services-maps:17.0.0] AndroidManifest.xml:23:22-76
42
43    <uses-feature
43-->[com.google.android.gms:play-services-maps:17.0.0] AndroidManifest.xml:26:5-28:35
44        android:glEsVersion="0x00020000"
44-->[com.google.android.gms:play-services-maps:17.0.0] AndroidManifest.xml:27:9-41
45        android:required="true" />
45-->[com.google.android.gms:play-services-maps:17.0.0] AndroidManifest.xml:28:9-32
46
47    <application
47-->src\main\AndroidManifest.xml:7:4-44:19
48        android:appComponentFactory="androidx.core.app.CoreComponentFactory"
48-->[androidx.core:core:1.7.0] AndroidManifest.xml:24:18-86
49        android:icon="@mipmap/ic_launcher"
49-->src\main\AndroidManifest.xml:9:9-43
50        android:label="tracker" >
50-->src\main\AndroidManifest.xml:8:9-32
51        <activity
51-->src\main\AndroidManifest.xml:10:9-38:20
52            android:name="com.example.tracker.MainActivity"
52-->src\main\AndroidManifest.xml:11:13-41
53            android:configChanges="orientation|keyboardHidden|keyboard|screenSize|smallestScreenSize|locale|layoutDirection|fontScale|screenLayout|density|uiMode"
53-->src\main\AndroidManifest.xml:14:13-163
54            android:hardwareAccelerated="true"
54-->src\main\AndroidManifest.xml:15:13-47
55            android:launchMode="singleTop"
55-->src\main\AndroidManifest.xml:12:13-43
56            android:theme="@style/LaunchTheme"
56-->src\main\AndroidManifest.xml:13:13-47
57            android:windowSoftInputMode="adjustResize" >
57-->src\main\AndroidManifest.xml:16:13-55
58
59            <!--
60                 Specifies an Android theme to apply to this Activity as soon as
61                 the Android process has started. This theme is visible to the user
62                 while the Flutter UI initializes. After that, this theme continues
63                 to determine the Window background behind the Flutter UI.
64            -->
65            <meta-data
65-->src\main\AndroidManifest.xml:21:13-24:17
66                android:name="io.flutter.embedding.android.NormalTheme"
66-->src\main\AndroidManifest.xml:22:15-70
67                android:resource="@style/NormalTheme" />
67-->src\main\AndroidManifest.xml:23:15-52
68            <!--
69                 Displays an Android View that continues showing the launch screen
70                 Drawable until Flutter paints its first frame, then this splash
71                 screen fades out. A splash screen is useful to avoid any visual
72                 gap between the end of Android's launch screen and the painting of
73                 Flutter's first frame.
74            -->
75            <meta-data
75-->src\main\AndroidManifest.xml:30:13-33:17
76                android:name="io.flutter.embedding.android.SplashScreenDrawable"
76-->src\main\AndroidManifest.xml:31:15-79
77                android:resource="@drawable/launch_background" />
77-->src\main\AndroidManifest.xml:32:15-61
78
79            <intent-filter>
79-->src\main\AndroidManifest.xml:34:13-37:29
80                <action android:name="android.intent.action.MAIN" />
80-->src\main\AndroidManifest.xml:35:17-68
80-->src\main\AndroidManifest.xml:35:25-66
81
82                <category android:name="android.intent.category.LAUNCHER" />
82-->src\main\AndroidManifest.xml:36:17-76
82-->src\main\AndroidManifest.xml:36:27-74
83            </intent-filter>
84        </activity>
85        <!--
86             Don't delete the meta-data below.
87             This is used by the Flutter tool to generate GeneratedPluginRegistrant.java
88        -->
89        <meta-data
89-->src\main\AndroidManifest.xml:41:9-43:33
90            android:name="flutterEmbedding"
90-->src\main\AndroidManifest.xml:42:13-44
91            android:value="2" />
91-->src\main\AndroidManifest.xml:43:13-30
92
93        <provider
93-->[:share_plus] AndroidManifest.xml:8:9-16:20
94            android:name="dev.fluttercommunity.plus.share.ShareFileProvider"
94-->[:share_plus] AndroidManifest.xml:9:13-77
95            android:authorities="com.example.tracker.flutter.share_provider"
95-->[:share_plus] AndroidManifest.xml:10:13-74
96            android:exported="false"
96-->[:share_plus] AndroidManifest.xml:11:13-37
97            android:grantUriPermissions="true" >
97-->[:share_plus] AndroidManifest.xml:12:13-47
98            <meta-data
98-->[:share_plus] AndroidManifest.xml:13:13-15:68
99                android:name="android.support.FILE_PROVIDER_PATHS"
99-->[:share_plus] AndroidManifest.xml:14:17-67
100                android:resource="@xml/flutter_share_file_paths" />
100-->[:share_plus] AndroidManifest.xml:15:17-65
101        </provider>
102
103        <activity
103-->[:url_launcher_android] AndroidManifest.xml:8:9-11:74
104            android:name="io.flutter.plugins.urllauncher.WebViewActivity"
104-->[:url_launcher_android] AndroidManifest.xml:9:13-74
105            android:exported="false"
105-->[:url_launcher_android] AndroidManifest.xml:10:13-37
106            android:theme="@android:style/Theme.NoTitleBar.Fullscreen" />
106-->[:url_launcher_android] AndroidManifest.xml:11:13-71
107
108        <uses-library
108-->[androidx.window:window:1.0.0-beta04] AndroidManifest.xml:25:9-27:40
109            android:name="androidx.window.extensions"
109-->[androidx.window:window:1.0.0-beta04] AndroidManifest.xml:26:13-54
110            android:required="false" />
110-->[androidx.window:window:1.0.0-beta04] AndroidManifest.xml:27:13-37
111        <uses-library
111-->[androidx.window:window:1.0.0-beta04] AndroidManifest.xml:28:9-30:40
112            android:name="androidx.window.sidecar"
112-->[androidx.window:window:1.0.0-beta04] AndroidManifest.xml:29:13-51
113            android:required="false" />
113-->[androidx.window:window:1.0.0-beta04] AndroidManifest.xml:30:13-37
114
115        <receiver
115-->[com.razorpay:checkout:1.6.19] AndroidManifest.xml:40:9-46:20
116            android:name="com.razorpay.RzpTokenReceiver"
116-->[com.razorpay:checkout:1.6.19] AndroidManifest.xml:41:13-57
117            android:exported="false" >
117-->[com.razorpay:checkout:1.6.19] AndroidManifest.xml:42:13-37
118            <intent-filter>
118-->[com.razorpay:checkout:1.6.19] AndroidManifest.xml:43:13-45:29
119                <action android:name="rzp.device_token.share" />
119-->[com.razorpay:checkout:1.6.19] AndroidManifest.xml:44:17-65
119-->[com.razorpay:checkout:1.6.19] AndroidManifest.xml:44:25-62
120            </intent-filter>
121        </receiver>
122
123        <activity
123-->[com.razorpay:checkout:1.6.19] AndroidManifest.xml:48:9-60:20
124            android:name="com.razorpay.CheckoutActivity"
124-->[com.razorpay:checkout:1.6.19] AndroidManifest.xml:49:13-57
125            android:configChanges="keyboard|keyboardHidden|orientation|screenSize"
125-->[com.razorpay:checkout:1.6.19] AndroidManifest.xml:50:13-83
126            android:exported="true"
126-->[com.razorpay:checkout:1.6.19] AndroidManifest.xml:51:13-36
127            android:theme="@style/CheckoutTheme" >
127-->[com.razorpay:checkout:1.6.19] AndroidManifest.xml:52:13-49
128            <intent-filter>
128-->[com.razorpay:checkout:1.6.19] AndroidManifest.xml:53:13-59:29
129                <action android:name="android.intent.action.MAIN" />
129-->src\main\AndroidManifest.xml:35:17-68
129-->src\main\AndroidManifest.xml:35:25-66
130
131                <data
131-->[com.razorpay:checkout:1.6.19] AndroidManifest.xml:15:13-17:38
132                    android:host="rzp.io"
133                    android:scheme="io.rzp" />
133-->[com.razorpay:checkout:1.6.19] AndroidManifest.xml:17:17-35
134            </intent-filter>
135        </activity>
136
137        <meta-data
137-->[com.razorpay:checkout:1.6.19] AndroidManifest.xml:62:9-64:58
138            android:name="com.razorpay.plugin.googlepay_all"
138-->[com.razorpay:checkout:1.6.19] AndroidManifest.xml:63:13-61
139            android:value="com.razorpay.RzpGpayMerged" />
139-->[com.razorpay:checkout:1.6.19] AndroidManifest.xml:64:13-55
140
141        <activity
141-->[com.google.android.gms:play-services-auth:17.0.0] AndroidManifest.xml:23:9-27:75
142            android:name="com.google.android.gms.auth.api.signin.internal.SignInHubActivity"
142-->[com.google.android.gms:play-services-auth:17.0.0] AndroidManifest.xml:24:13-93
143            android:excludeFromRecents="true"
143-->[com.google.android.gms:play-services-auth:17.0.0] AndroidManifest.xml:25:13-46
144            android:exported="false"
144-->[com.google.android.gms:play-services-auth:17.0.0] AndroidManifest.xml:26:13-37
145            android:theme="@android:style/Theme.Translucent.NoTitleBar" />
145-->[com.google.android.gms:play-services-auth:17.0.0] AndroidManifest.xml:27:13-72
146        <!--
147            Service handling Google Sign-In user revocation. For apps that do not integrate with
148            Google Sign-In, this service will never be started.
149        -->
150        <service
150-->[com.google.android.gms:play-services-auth:17.0.0] AndroidManifest.xml:33:9-36:110
151            android:name="com.google.android.gms.auth.api.signin.RevocationBoundService"
151-->[com.google.android.gms:play-services-auth:17.0.0] AndroidManifest.xml:34:13-89
152            android:exported="true"
152-->[com.google.android.gms:play-services-auth:17.0.0] AndroidManifest.xml:35:13-36
153            android:permission="com.google.android.gms.auth.api.signin.permission.REVOCATION_NOTIFICATION" /> <!-- Needs to be explicitly declared on P+ -->
153-->[com.google.android.gms:play-services-auth:17.0.0] AndroidManifest.xml:36:13-107
154        <uses-library
154-->[com.google.android.gms:play-services-maps:17.0.0] AndroidManifest.xml:33:9-35:40
155            android:name="org.apache.http.legacy"
155-->[com.google.android.gms:play-services-maps:17.0.0] AndroidManifest.xml:34:13-50
156            android:required="false" />
156-->[com.google.android.gms:play-services-maps:17.0.0] AndroidManifest.xml:35:13-37
157
158        <activity
158-->[com.google.android.gms:play-services-base:17.5.0] AndroidManifest.xml:23:9-26:75
159            android:name="com.google.android.gms.common.api.GoogleApiActivity"
159-->[com.google.android.gms:play-services-base:17.5.0] AndroidManifest.xml:24:13-79
160            android:exported="false"
160-->[com.google.android.gms:play-services-base:17.5.0] AndroidManifest.xml:25:13-37
161            android:theme="@android:style/Theme.Translucent.NoTitleBar" />
161-->[com.google.android.gms:play-services-base:17.5.0] AndroidManifest.xml:26:13-72
162
163        <meta-data
163-->[com.google.android.gms:play-services-basement:17.6.0] AndroidManifest.xml:23:9-25:69
164            android:name="com.google.android.gms.version"
164-->[com.google.android.gms:play-services-basement:17.6.0] AndroidManifest.xml:24:13-58
165            android:value="@integer/google_play_services_version" />
165-->[com.google.android.gms:play-services-basement:17.6.0] AndroidManifest.xml:25:13-66
166    </application>
167
168</manifest>